  Determining projects to restore...
  All projects are up-to-date for restore.
  CMSAPI.Domain -> C:\Users\mtnoo\OneDrive\Desktop\EasyHMS\CMSAPI\CMSAPI.Domain\bin\Debug\net10.0\CMSAPI.Domain.dll
  CMSAPI.Application -> C:\Users\mtnoo\OneDrive\Desktop\EasyHMS\CMSAPI\CMSAPI.Application\bin\Debug\net10.0\CMSAPI.Application.dll
C:\Users\mtnoo\OneDrive\Desktop\EasyHMS\CMSAPI\CMSAPI.Data\Repositories\HospitalRepository.cs(23,27): warning CS8620: Argument of type 'IIncludableQueryable<Hospital, List<DoctorDepartment>?>' cannot be used for parameter 'source' of type 'IIncludableQueryable<Hospital, IEnumerable<DoctorDepartment>>' in 'IIncludableQueryable<Hospital, Doctor?> EntityFrameworkQueryableExtensions.ThenInclude<Hospital, DoctorDepartment, Doctor?>(IIncludableQueryable<Hospital, IEnumerable<DoctorDepartment>> source, Expression<Func<DoctorDepartment, Doctor?>> navigationPropertyPath)' due to differences in the nullability of reference types. [C:\Users\mtnoo\OneDrive\Desktop\EasyHMS\CMSAPI\CMSAPI.Data\CMSAPI.Data.csproj]
C:\Users\mtnoo\OneDrive\Desktop\EasyHMS\CMSAPI\CMSAPI.Data\Repositories\HospitalRepository.cs(23,27): warning CS8620: Argument of type 'IIncludableQueryable<Hospital, List<DoctorDepartment>?>' cannot be used for parameter 'source' of type 'IIncludableQueryable<Hospital, IEnumerable<DoctorDepartment>>' in 'IIncludableQueryable<Hospital, Department?> EntityFrameworkQueryableExtensions.ThenInclude<Hospital, DoctorDepartment, Department?>(IIncludableQueryable<Hospital, IEnumerable<DoctorDepartment>> source, Expression<Func<DoctorDepartment, Department?>> navigationPropertyPath)' due to differences in the nullability of reference types. [C:\Users\mtnoo\OneDrive\Desktop\EasyHMS\CMSAPI\CMSAPI.Data\CMSAPI.Data.csproj]
  CMSAPI.Data -> C:\Users\mtnoo\OneDrive\Desktop\EasyHMS\CMSAPI\CMSAPI.Data\bin\Debug\net10.0\CMSAPI.Data.dll
C:\Users\mtnoo\OneDrive\Desktop\EasyHMS\CMSAPI\CMSAPI\Controllers\AuthController.cs(40,53): error CS1002: ; expected [C:\Users\mtnoo\OneDrive\Desktop\EasyHMS\CMSAPI\CMSAPI\CMSAPI.csproj]
C:\Users\mtnoo\OneDrive\Desktop\EasyHMS\CMSAPI\CMSAPI\Controllers\AuthController.cs(40,53): error CS1513: } expected [C:\Users\mtnoo\OneDrive\Desktop\EasyHMS\CMSAPI\CMSAPI\CMSAPI.csproj]
C:\Users\mtnoo\OneDrive\Desktop\EasyHMS\CMSAPI\CMSAPI\Controllers\AuthController.cs(41,106): error CS1002: ; expected [C:\Users\mtnoo\OneDrive\Desktop\EasyHMS\CMSAPI\CMSAPI\CMSAPI.csproj]
C:\Users\mtnoo\OneDrive\Desktop\EasyHMS\CMSAPI\CMSAPI\Controllers\AuthController.cs(41,106): error CS1513: } expected [C:\Users\mtnoo\OneDrive\Desktop\EasyHMS\CMSAPI\CMSAPI\CMSAPI.csproj]
C:\Users\mtnoo\OneDrive\Desktop\EasyHMS\CMSAPI\CMSAPI\Controllers\AuthController.cs(42,66): error CS1002: ; expected [C:\Users\mtnoo\OneDrive\Desktop\EasyHMS\CMSAPI\CMSAPI\CMSAPI.csproj]
C:\Users\mtnoo\OneDrive\Desktop\EasyHMS\CMSAPI\CMSAPI\Controllers\AuthController.cs(42,66): error CS1513: } expected [C:\Users\mtnoo\OneDrive\Desktop\EasyHMS\CMSAPI\CMSAPI\CMSAPI.csproj]
C:\Users\mtnoo\OneDrive\Desktop\EasyHMS\CMSAPI\CMSAPI\Controllers\AuthController.cs(43,70): error CS1002: ; expected [C:\Users\mtnoo\OneDrive\Desktop\EasyHMS\CMSAPI\CMSAPI\CMSAPI.csproj]
C:\Users\mtnoo\OneDrive\Desktop\EasyHMS\CMSAPI\CMSAPI\Controllers\AuthController.cs(43,70): error CS1513: } expected [C:\Users\mtnoo\OneDrive\Desktop\EasyHMS\CMSAPI\CMSAPI\CMSAPI.csproj]
C:\Users\mtnoo\OneDrive\Desktop\EasyHMS\CMSAPI\CMSAPI\Controllers\AuthController.cs(44,127): error CS1002: ; expected [C:\Users\mtnoo\OneDrive\Desktop\EasyHMS\CMSAPI\CMSAPI\CMSAPI.csproj]
C:\Users\mtnoo\OneDrive\Desktop\EasyHMS\CMSAPI\CMSAPI\Controllers\AuthController.cs(61,9): error CS1519: Invalid token 'return' in a member declaration [C:\Users\mtnoo\OneDrive\Desktop\EasyHMS\CMSAPI\CMSAPI\CMSAPI.csproj]
C:\Users\mtnoo\OneDrive\Desktop\EasyHMS\CMSAPI\CMSAPI\Controllers\AuthController.cs(61,29): error CS1026: ) expected [C:\Users\mtnoo\OneDrive\Desktop\EasyHMS\CMSAPI\CMSAPI\CMSAPI.csproj]
C:\Users\mtnoo\OneDrive\Desktop\EasyHMS\CMSAPI\CMSAPI\Controllers\AuthController.cs(61,29): error CS1002: ; expected [C:\Users\mtnoo\OneDrive\Desktop\EasyHMS\CMSAPI\CMSAPI\CMSAPI.csproj]
C:\Users\mtnoo\OneDrive\Desktop\EasyHMS\CMSAPI\CMSAPI\Controllers\AuthController.cs(61,33): error CS1519: Invalid token '{' in a member declaration [C:\Users\mtnoo\OneDrive\Desktop\EasyHMS\CMSAPI\CMSAPI\CMSAPI.csproj]
C:\Users\mtnoo\OneDrive\Desktop\EasyHMS\CMSAPI\CMSAPI\Controllers\AuthController.cs(61,43): error CS1519: Invalid token '=' in a member declaration [C:\Users\mtnoo\OneDrive\Desktop\EasyHMS\CMSAPI\CMSAPI\CMSAPI.csproj]
C:\Users\mtnoo\OneDrive\Desktop\EasyHMS\CMSAPI\CMSAPI\Controllers\AuthController.cs(61,73): error CS1519: Invalid token '=' in a member declaration [C:\Users\mtnoo\OneDrive\Desktop\EasyHMS\CMSAPI\CMSAPI\CMSAPI.csproj]
C:\Users\mtnoo\OneDrive\Desktop\EasyHMS\CMSAPI\CMSAPI\Controllers\AuthController.cs(61,103): error CS1022: Type or namespace definition, or end-of-file expected [C:\Users\mtnoo\OneDrive\Desktop\EasyHMS\CMSAPI\CMSAPI\CMSAPI.csproj]
C:\Users\mtnoo\OneDrive\Desktop\EasyHMS\CMSAPI\CMSAPI\Controllers\AuthController.cs(62,5): error CS1022: Type or namespace definition, or end-of-file expected [C:\Users\mtnoo\OneDrive\Desktop\EasyHMS\CMSAPI\CMSAPI\CMSAPI.csproj]
C:\Users\mtnoo\OneDrive\Desktop\EasyHMS\CMSAPI\CMSAPI\Controllers\AuthController.cs(63,1): error CS1022: Type or namespace definition, or end-of-file expected [C:\Users\mtnoo\OneDrive\Desktop\EasyHMS\CMSAPI\CMSAPI\CMSAPI.csproj]

Build FAILED.

C:\Users\mtnoo\OneDrive\Desktop\EasyHMS\CMSAPI\CMSAPI.Data\Repositories\HospitalRepository.cs(23,27): warning CS8620: Argument of type 'IIncludableQueryable<Hospital, List<DoctorDepartment>?>' cannot be used for parameter 'source' of type 'IIncludableQueryable<Hospital, IEnumerable<DoctorDepartment>>' in 'IIncludableQueryable<Hospital, Doctor?> EntityFrameworkQueryableExtensions.ThenInclude<Hospital, DoctorDepartment, Doctor?>(IIncludableQueryable<Hospital, IEnumerable<DoctorDepartment>> source, Expression<Func<DoctorDepartment, Doctor?>> navigationPropertyPath)' due to differences in the nullability of reference types. [C:\Users\mtnoo\OneDrive\Desktop\EasyHMS\CMSAPI\CMSAPI.Data\CMSAPI.Data.csproj]
C:\Users\mtnoo\OneDrive\Desktop\EasyHMS\CMSAPI\CMSAPI.Data\Repositories\HospitalRepository.cs(23,27): warning CS8620: Argument of type 'IIncludableQueryable<Hospital, List<DoctorDepartment>?>' cannot be used for parameter 'source' of type 'IIncludableQueryable<Hospital, IEnumerable<DoctorDepartment>>' in 'IIncludableQueryable<Hospital, Department?> EntityFrameworkQueryableExtensions.ThenInclude<Hospital, DoctorDepartment, Department?>(IIncludableQueryable<Hospital, IEnumerable<DoctorDepartment>> source, Expression<Func<DoctorDepartment, Department?>> navigationPropertyPath)' due to differences in the nullability of reference types. [C:\Users\mtnoo\OneDrive\Desktop\EasyHMS\CMSAPI\CMSAPI.Data\CMSAPI.Data.csproj]
C:\Users\mtnoo\OneDrive\Desktop\EasyHMS\CMSAPI\CMSAPI\Controllers\AuthController.cs(40,53): error CS1002: ; expected [C:\Users\mtnoo\OneDrive\Desktop\EasyHMS\CMSAPI\CMSAPI\CMSAPI.csproj]
C:\Users\mtnoo\OneDrive\Desktop\EasyHMS\CMSAPI\CMSAPI\Controllers\AuthController.cs(40,53): error CS1513: } expected [C:\Users\mtnoo\OneDrive\Desktop\EasyHMS\CMSAPI\CMSAPI\CMSAPI.csproj]
C:\Users\mtnoo\OneDrive\Desktop\EasyHMS\CMSAPI\CMSAPI\Controllers\AuthController.cs(41,106): error CS1002: ; expected [C:\Users\mtnoo\OneDrive\Desktop\EasyHMS\CMSAPI\CMSAPI\CMSAPI.csproj]
C:\Users\mtnoo\OneDrive\Desktop\EasyHMS\CMSAPI\CMSAPI\Controllers\AuthController.cs(41,106): error CS1513: } expected [C:\Users\mtnoo\OneDrive\Desktop\EasyHMS\CMSAPI\CMSAPI\CMSAPI.csproj]
C:\Users\mtnoo\OneDrive\Desktop\EasyHMS\CMSAPI\CMSAPI\Controllers\AuthController.cs(42,66): error CS1002: ; expected [C:\Users\mtnoo\OneDrive\Desktop\EasyHMS\CMSAPI\CMSAPI\CMSAPI.csproj]
C:\Users\mtnoo\OneDrive\Desktop\EasyHMS\CMSAPI\CMSAPI\Controllers\AuthController.cs(42,66): error CS1513: } expected [C:\Users\mtnoo\OneDrive\Desktop\EasyHMS\CMSAPI\CMSAPI\CMSAPI.csproj]
C:\Users\mtnoo\OneDrive\Desktop\EasyHMS\CMSAPI\CMSAPI\Controllers\AuthController.cs(43,70): error CS1002: ; expected [C:\Users\mtnoo\OneDrive\Desktop\EasyHMS\CMSAPI\CMSAPI\CMSAPI.csproj]
C:\Users\mtnoo\OneDrive\Desktop\EasyHMS\CMSAPI\CMSAPI\Controllers\AuthController.cs(43,70): error CS1513: } expected [C:\Users\mtnoo\OneDrive\Desktop\EasyHMS\CMSAPI\CMSAPI\CMSAPI.csproj]
C:\Users\mtnoo\OneDrive\Desktop\EasyHMS\CMSAPI\CMSAPI\Controllers\AuthController.cs(44,127): error CS1002: ; expected [C:\Users\mtnoo\OneDrive\Desktop\EasyHMS\CMSAPI\CMSAPI\CMSAPI.csproj]
C:\Users\mtnoo\OneDrive\Desktop\EasyHMS\CMSAPI\CMSAPI\Controllers\AuthController.cs(61,9): error CS1519: Invalid token 'return' in a member declaration [C:\Users\mtnoo\OneDrive\Desktop\EasyHMS\CMSAPI\CMSAPI\CMSAPI.csproj]
C:\Users\mtnoo\OneDrive\Desktop\EasyHMS\CMSAPI\CMSAPI\Controllers\AuthController.cs(61,29): error CS1026: ) expected [C:\Users\mtnoo\OneDrive\Desktop\EasyHMS\CMSAPI\CMSAPI\CMSAPI.csproj]
C:\Users\mtnoo\OneDrive\Desktop\EasyHMS\CMSAPI\CMSAPI\Controllers\AuthController.cs(61,29): error CS1002: ; expected [C:\Users\mtnoo\OneDrive\Desktop\EasyHMS\CMSAPI\CMSAPI\CMSAPI.csproj]
C:\Users\mtnoo\OneDrive\Desktop\EasyHMS\CMSAPI\CMSAPI\Controllers\AuthController.cs(61,33): error CS1519: Invalid token '{' in a member declaration [C:\Users\mtnoo\OneDrive\Desktop\EasyHMS\CMSAPI\CMSAPI\CMSAPI.csproj]
C:\Users\mtnoo\OneDrive\Desktop\EasyHMS\CMSAPI\CMSAPI\Controllers\AuthController.cs(61,43): error CS1519: Invalid token '=' in a member declaration [C:\Users\mtnoo\OneDrive\Desktop\EasyHMS\CMSAPI\CMSAPI\CMSAPI.csproj]
C:\Users\mtnoo\OneDrive\Desktop\EasyHMS\CMSAPI\CMSAPI\Controllers\AuthController.cs(61,73): error CS1519: Invalid token '=' in a member declaration [C:\Users\mtnoo\OneDrive\Desktop\EasyHMS\CMSAPI\CMSAPI\CMSAPI.csproj]
C:\Users\mtnoo\OneDrive\Desktop\EasyHMS\CMSAPI\CMSAPI\Controllers\AuthController.cs(61,103): error CS1022: Type or namespace definition, or end-of-file expected [C:\Users\mtnoo\OneDrive\Desktop\EasyHMS\CMSAPI\CMSAPI\CMSAPI.csproj]
C:\Users\mtnoo\OneDrive\Desktop\EasyHMS\CMSAPI\CMSAPI\Controllers\AuthController.cs(62,5): error CS1022: Type or namespace definition, or end-of-file expected [C:\Users\mtnoo\OneDrive\Desktop\EasyHMS\CMSAPI\CMSAPI\CMSAPI.csproj]
C:\Users\mtnoo\OneDrive\Desktop\EasyHMS\CMSAPI\CMSAPI\Controllers\AuthController.cs(63,1): error CS1022: Type or namespace definition, or end-of-file expected [C:\Users\mtnoo\OneDrive\Desktop\EasyHMS\CMSAPI\CMSAPI\CMSAPI.csproj]
    2 Warning(s)
    18 Error(s)

Time Elapsed 00:00:03.31
